
> @sen/shared-content@0.1.0 build /Users/densen/sen_dev/digital_universe/packages/shared-content
> tsup

[34mCLI[39m Building entry: src/index.ts
[34mCLI[39m Using tsconfig: tsconfig.json
[34mCLI[39m tsup v8.4.0
[34mCLI[39m Using tsup config: /Users/densen/sen_dev/digital_universe/packages/shared-content/tsup.config.ts
[34mCLI[39m Target: es2020
[34mCLI[39m Cleaning output folder
[34mCJS[39m Build start
[34mESM[39m Build start
[32mESM[39m [1mdist/index.mjs     [22m[32m7.39 KB[39m
[32mESM[39m [1mdist/index.mjs.map [22m[32m9.40 KB[39m
[32mESM[39m ⚡️ Build success in 22ms
[32mCJS[39m [1mdist/index.js     [22m[32m8.49 KB[39m
[32mCJS[39m [1mdist/index.js.map [22m[32m9.68 KB[39m
[32mCJS[39m ⚡️ Build success in 22ms
DTS Build start
DTS ⚡️ Build success in 597ms
DTS dist/index.d.ts  1.78 KB
DTS dist/index.d.mts 1.78 KB
